[2021-06-07 11:30:46] [INFO]    [OmnipathR] Initialized cache: `/home/dbdimitrov/.cache/OmnipathR`.
[2021-06-07 11:30:47] [INFO]    [OmnipathR] Welcome to OmnipathR!
[2021-06-07 11:30:58] [TRACE]   [OmnipathR] Loaded data from RDS `/home/dbdimitrov/.cache/OmnipathR/14a8a02cc1b25ba94b19207db6c353abec8bf1e8-1.rds`.
[2021-06-07 11:30:58] [INFO]    [OmnipathR] Loaded from cache: `https://omnipathdb.org/interactions?genesymbols=yes&resources=CellChatDB&datasets=omnipath,pathwayextra,kinaseextra,ligrecextra&organisms=9606&fields=sources,references,curation_effort&entity_types=protein&license=academic`
[2021-06-07 11:30:58] [SUCCESS] [OmnipathR] Loaded 2551 interactions from cache.
[2021-06-07 11:30:58] [TRACE]   [OmnipathR] Loaded data from RDS `/home/dbdimitrov/.cache/OmnipathR/14a8a02cc1b25ba94b19207db6c353abec8bf1e8-1.rds`.
[2021-06-07 11:30:58] [INFO]    [OmnipathR] Loaded from cache: `https://omnipathdb.org/interactions?genesymbols=yes&resources=CellChatDB&datasets=omnipath,pathwayextra,kinaseextra,ligrecextra&organisms=9606&fields=sources,references,curation_effort&entity_types=protein&license=academic`
[2021-06-07 11:30:58] [SUCCESS] [OmnipathR] Loaded 2551 interactions from cache.
[2021-06-07 11:30:59] [TRACE]   [OmnipathR] Loaded data from RDS `/home/dbdimitrov/.cache/OmnipathR/14a8a02cc1b25ba94b19207db6c353abec8bf1e8-1.rds`.
[2021-06-07 11:30:59] [INFO]    [OmnipathR] Loaded from cache: `https://omnipathdb.org/interactions?genesymbols=yes&resources=CellChatDB&datasets=omnipath,pathwayextra,kinaseextra,ligrecextra&organisms=9606&fields=sources,references,curation_effort&entity_types=protein&license=academic`
[2021-06-07 11:30:59] [SUCCESS] [OmnipathR] Loaded 2551 interactions from cache.
[2021-06-07 11:30:59] [TRACE]   [OmnipathR] Loaded data from RDS `/home/dbdimitrov/.cache/OmnipathR/b6ae0a96c2d910eff1fc161e9b1a18cf490436fe-1.rds`.
[2021-06-07 11:30:59] [INFO]    [OmnipathR] Loaded from cache: `https://omnipathdb.org/interactions?genesymbols=yes&resources=CellPhoneDB&datasets=omnipath,pathwayextra,kinaseextra,ligrecextra&organisms=9606&fields=sources,references,curation_effort&entity_types=protein&license=academic`
[2021-06-07 11:30:59] [SUCCESS] [OmnipathR] Loaded 1328 interactions from cache.
[2021-06-07 11:31:00] [TRACE]   [OmnipathR] Loaded data from RDS `/home/dbdimitrov/.cache/OmnipathR/b6ae0a96c2d910eff1fc161e9b1a18cf490436fe-1.rds`.
[2021-06-07 11:31:00] [INFO]    [OmnipathR] Loaded from cache: `https://omnipathdb.org/interactions?genesymbols=yes&resources=CellPhoneDB&datasets=omnipath,pathwayextra,kinaseextra,ligrecextra&organisms=9606&fields=sources,references,curation_effort&entity_types=protein&license=academic`
[2021-06-07 11:31:00] [SUCCESS] [OmnipathR] Loaded 1328 interactions from cache.
[2021-06-07 11:31:01] [TRACE]   [OmnipathR] Loaded data from RDS `/home/dbdimitrov/.cache/OmnipathR/b6ae0a96c2d910eff1fc161e9b1a18cf490436fe-1.rds`.
[2021-06-07 11:31:01] [INFO]    [OmnipathR] Loaded from cache: `https://omnipathdb.org/interactions?genesymbols=yes&resources=CellPhoneDB&datasets=omnipath,pathwayextra,kinaseextra,ligrecextra&organisms=9606&fields=sources,references,curation_effort&entity_types=protein&license=academic`
[2021-06-07 11:31:01] [SUCCESS] [OmnipathR] Loaded 1328 interactions from cache.
[2021-06-07 11:31:01] [TRACE]   [OmnipathR] Loaded data from RDS `/home/dbdimitrov/.cache/OmnipathR/10afb4b967024db2a2e411fc3ea7877c0cd0a242-1.rds`.
[2021-06-07 11:31:01] [INFO]    [OmnipathR] Loaded from cache: `https://omnipathdb.org/interactions?genesymbols=yes&resources=Ramilowski2015&datasets=omnipath,pathwayextra,kinaseextra,ligrecextra&organisms=9606&fields=sources,references,curation_effort&entity_types=protein&license=academic`
[2021-06-07 11:31:01] [SUCCESS] [OmnipathR] Loaded 1888 interactions from cache.
[2021-06-07 11:31:02] [TRACE]   [OmnipathR] Loaded data from RDS `/home/dbdimitrov/.cache/OmnipathR/10afb4b967024db2a2e411fc3ea7877c0cd0a242-1.rds`.
[2021-06-07 11:31:02] [INFO]    [OmnipathR] Loaded from cache: `https://omnipathdb.org/interactions?genesymbols=yes&resources=Ramilowski2015&datasets=omnipath,pathwayextra,kinaseextra,ligrecextra&organisms=9606&fields=sources,references,curation_effort&entity_types=protein&license=academic`
[2021-06-07 11:31:02] [SUCCESS] [OmnipathR] Loaded 1888 interactions from cache.
[2021-06-07 11:31:02] [TRACE]   [OmnipathR] Loaded data from RDS `/home/dbdimitrov/.cache/OmnipathR/10afb4b967024db2a2e411fc3ea7877c0cd0a242-1.rds`.
[2021-06-07 11:31:02] [INFO]    [OmnipathR] Loaded from cache: `https://omnipathdb.org/interactions?genesymbols=yes&resources=Ramilowski2015&datasets=omnipath,pathwayextra,kinaseextra,ligrecextra&organisms=9606&fields=sources,references,curation_effort&entity_types=protein&license=academic`
[2021-06-07 11:31:03] [SUCCESS] [OmnipathR] Loaded 1888 interactions from cache.
[2021-06-07 11:31:03] [TRACE]   [OmnipathR] Loaded data from RDS `/home/dbdimitrov/.cache/OmnipathR/89415c7ecb2b02172c30dec50f22188fd7c53ef5-1.rds`.
[2021-06-07 11:31:03] [INFO]    [OmnipathR] Loaded from cache: `https://omnipathdb.org/interactions?genesymbols=yes&resources=Baccin2019&datasets=omnipath,pathwayextra,kinaseextra,ligrecextra&organisms=9606&fields=sources,references,curation_effort&entity_types=protein&license=academic`
[2021-06-07 11:31:04] [SUCCESS] [OmnipathR] Loaded 1411 interactions from cache.
[2021-06-07 11:31:04] [TRACE]   [OmnipathR] Loaded data from RDS `/home/dbdimitrov/.cache/OmnipathR/89415c7ecb2b02172c30dec50f22188fd7c53ef5-1.rds`.
[2021-06-07 11:31:04] [INFO]    [OmnipathR] Loaded from cache: `https://omnipathdb.org/interactions?genesymbols=yes&resources=Baccin2019&datasets=omnipath,pathwayextra,kinaseextra,ligrecextra&organisms=9606&fields=sources,references,curation_effort&entity_types=protein&license=academic`
[2021-06-07 11:31:04] [SUCCESS] [OmnipathR] Loaded 1411 interactions from cache.
[2021-06-07 11:31:05] [TRACE]   [OmnipathR] Loaded data from RDS `/home/dbdimitrov/.cache/OmnipathR/89415c7ecb2b02172c30dec50f22188fd7c53ef5-1.rds`.
[2021-06-07 11:31:05] [INFO]    [OmnipathR] Loaded from cache: `https://omnipathdb.org/interactions?genesymbols=yes&resources=Baccin2019&datasets=omnipath,pathwayextra,kinaseextra,ligrecextra&organisms=9606&fields=sources,references,curation_effort&entity_types=protein&license=academic`
[2021-06-07 11:31:05] [SUCCESS] [OmnipathR] Loaded 1411 interactions from cache.
[2021-06-07 11:31:05] [TRACE]   [OmnipathR] Loaded data from RDS `/home/dbdimitrov/.cache/OmnipathR/043f354b2e92520184e3d267b734aa3c7d6ebb81-1.rds`.
[2021-06-07 11:31:05] [INFO]    [OmnipathR] Loaded from cache: `https://omnipathdb.org/interactions?genesymbols=yes&resources=LRdb&datasets=omnipath,pathwayextra,kinaseextra,ligrecextra&organisms=9606&fields=sources,references,curation_effort&entity_types=protein&license=academic`
[2021-06-07 11:31:06] [SUCCESS] [OmnipathR] Loaded 3226 interactions from cache.
[2021-06-07 11:31:06] [TRACE]   [OmnipathR] Loaded data from RDS `/home/dbdimitrov/.cache/OmnipathR/043f354b2e92520184e3d267b734aa3c7d6ebb81-1.rds`.
[2021-06-07 11:31:06] [INFO]    [OmnipathR] Loaded from cache: `https://omnipathdb.org/interactions?genesymbols=yes&resources=LRdb&datasets=omnipath,pathwayextra,kinaseextra,ligrecextra&organisms=9606&fields=sources,references,curation_effort&entity_types=protein&license=academic`
[2021-06-07 11:31:06] [SUCCESS] [OmnipathR] Loaded 3226 interactions from cache.
[2021-06-07 11:31:07] [TRACE]   [OmnipathR] Loaded data from RDS `/home/dbdimitrov/.cache/OmnipathR/043f354b2e92520184e3d267b734aa3c7d6ebb81-1.rds`.
[2021-06-07 11:31:07] [INFO]    [OmnipathR] Loaded from cache: `https://omnipathdb.org/interactions?genesymbols=yes&resources=LRdb&datasets=omnipath,pathwayextra,kinaseextra,ligrecextra&organisms=9606&fields=sources,references,curation_effort&entity_types=protein&license=academic`
[2021-06-07 11:31:07] [SUCCESS] [OmnipathR] Loaded 3226 interactions from cache.
[2021-06-07 11:31:07] [TRACE]   [OmnipathR] Loaded data from RDS `/home/dbdimitrov/.cache/OmnipathR/5ee7057f902bbc54913b1344c79dbc9fe0c61ef6-1.rds`.
[2021-06-07 11:31:07] [INFO]    [OmnipathR] Loaded from cache: `https://omnipathdb.org/interactions?genesymbols=yes&resources=Kirouac2010&datasets=omnipath,pathwayextra,kinaseextra,ligrecextra&organisms=9606&fields=sources,references,curation_effort&entity_types=protein&license=academic`
[2021-06-07 11:31:07] [SUCCESS] [OmnipathR] Loaded 150 interactions from cache.
[2021-06-07 11:31:07] [TRACE]   [OmnipathR] Loaded data from RDS `/home/dbdimitrov/.cache/OmnipathR/5ee7057f902bbc54913b1344c79dbc9fe0c61ef6-1.rds`.
[2021-06-07 11:31:07] [INFO]    [OmnipathR] Loaded from cache: `https://omnipathdb.org/interactions?genesymbols=yes&resources=Kirouac2010&datasets=omnipath,pathwayextra,kinaseextra,ligrecextra&organisms=9606&fields=sources,references,curation_effort&entity_types=protein&license=academic`
[2021-06-07 11:31:07] [SUCCESS] [OmnipathR] Loaded 150 interactions from cache.
[2021-06-07 11:31:08] [TRACE]   [OmnipathR] Loaded data from RDS `/home/dbdimitrov/.cache/OmnipathR/5ee7057f902bbc54913b1344c79dbc9fe0c61ef6-1.rds`.
[2021-06-07 11:31:08] [INFO]    [OmnipathR] Loaded from cache: `https://omnipathdb.org/interactions?genesymbols=yes&resources=Kirouac2010&datasets=omnipath,pathwayextra,kinaseextra,ligrecextra&organisms=9606&fields=sources,references,curation_effort&entity_types=protein&license=academic`
[2021-06-07 11:31:08] [SUCCESS] [OmnipathR] Loaded 150 interactions from cache.
[2021-06-07 11:31:09] [TRACE]   [OmnipathR] Loaded data from RDS `/home/dbdimitrov/.cache/OmnipathR/6d48666d50d65501af6ff95005067ffdd91389a3-1.rds`.
[2021-06-07 11:31:09] [INFO]    [OmnipathR] Loaded from cache: `https://omnipathdb.org/interactions?genesymbols=yes&resources=ICELLNET&datasets=omnipath,pathwayextra,kinaseextra,ligrecextra&organisms=9606&fields=sources,references,curation_effort&entity_types=protein&license=academic`
[2021-06-07 11:31:09] [SUCCESS] [OmnipathR] Loaded 371 interactions from cache.
[2021-06-07 11:31:09] [TRACE]   [OmnipathR] Loaded data from RDS `/home/dbdimitrov/.cache/OmnipathR/6d48666d50d65501af6ff95005067ffdd91389a3-1.rds`.
[2021-06-07 11:31:09] [INFO]    [OmnipathR] Loaded from cache: `https://omnipathdb.org/interactions?genesymbols=yes&resources=ICELLNET&datasets=omnipath,pathwayextra,kinaseextra,ligrecextra&organisms=9606&fields=sources,references,curation_effort&entity_types=protein&license=academic`
[2021-06-07 11:31:09] [SUCCESS] [OmnipathR] Loaded 371 interactions from cache.
[2021-06-07 11:31:09] [TRACE]   [OmnipathR] Loaded data from RDS `/home/dbdimitrov/.cache/OmnipathR/6d48666d50d65501af6ff95005067ffdd91389a3-1.rds`.
[2021-06-07 11:31:09] [INFO]    [OmnipathR] Loaded from cache: `https://omnipathdb.org/interactions?genesymbols=yes&resources=ICELLNET&datasets=omnipath,pathwayextra,kinaseextra,ligrecextra&organisms=9606&fields=sources,references,curation_effort&entity_types=protein&license=academic`
[2021-06-07 11:31:09] [SUCCESS] [OmnipathR] Loaded 371 interactions from cache.
[2021-06-07 11:31:10] [TRACE]   [OmnipathR] Loaded data from RDS `/home/dbdimitrov/.cache/OmnipathR/7e10186d6e24d02ad82a6d92f0109fe7038eb072-1.rds`.
[2021-06-07 11:31:10] [INFO]    [OmnipathR] Loaded from cache: `https://omnipathdb.org/interactions?genesymbols=yes&resources=iTALK&datasets=omnipath,pathwayextra,kinaseextra,ligrecextra&organisms=9606&fields=sources,references,curation_effort&entity_types=protein&license=academic`
[2021-06-07 11:31:10] [SUCCESS] [OmnipathR] Loaded 2565 interactions from cache.
[2021-06-07 11:31:11] [TRACE]   [OmnipathR] Loaded data from RDS `/home/dbdimitrov/.cache/OmnipathR/7e10186d6e24d02ad82a6d92f0109fe7038eb072-1.rds`.
[2021-06-07 11:31:11] [INFO]    [OmnipathR] Loaded from cache: `https://omnipathdb.org/interactions?genesymbols=yes&resources=iTALK&datasets=omnipath,pathwayextra,kinaseextra,ligrecextra&organisms=9606&fields=sources,references,curation_effort&entity_types=protein&license=academic`
[2021-06-07 11:31:11] [SUCCESS] [OmnipathR] Loaded 2565 interactions from cache.
[2021-06-07 11:31:12] [TRACE]   [OmnipathR] Loaded data from RDS `/home/dbdimitrov/.cache/OmnipathR/7e10186d6e24d02ad82a6d92f0109fe7038eb072-1.rds`.
[2021-06-07 11:31:12] [INFO]    [OmnipathR] Loaded from cache: `https://omnipathdb.org/interactions?genesymbols=yes&resources=iTALK&datasets=omnipath,pathwayextra,kinaseextra,ligrecextra&organisms=9606&fields=sources,references,curation_effort&entity_types=protein&license=academic`
[2021-06-07 11:31:12] [SUCCESS] [OmnipathR] Loaded 2565 interactions from cache.
[2021-06-07 11:31:12] [TRACE]   [OmnipathR] Loaded data from RDS `/home/dbdimitrov/.cache/OmnipathR/41725a3aeda985ac035430835a92d80c4ee1f58d-1.rds`.
[2021-06-07 11:31:12] [INFO]    [OmnipathR] Loaded from cache: `https://omnipathdb.org/interactions?genesymbols=yes&resources=EMBRACE&datasets=omnipath,pathwayextra,kinaseextra,ligrecextra&organisms=9606&fields=sources,references,curation_effort&entity_types=protein&license=academic`
[2021-06-07 11:31:13] [SUCCESS] [OmnipathR] Loaded 1491 interactions from cache.
[2021-06-07 11:31:13] [TRACE]   [OmnipathR] Loaded data from RDS `/home/dbdimitrov/.cache/OmnipathR/41725a3aeda985ac035430835a92d80c4ee1f58d-1.rds`.
[2021-06-07 11:31:13] [INFO]    [OmnipathR] Loaded from cache: `https://omnipathdb.org/interactions?genesymbols=yes&resources=EMBRACE&datasets=omnipath,pathwayextra,kinaseextra,ligrecextra&organisms=9606&fields=sources,references,curation_effort&entity_types=protein&license=academic`
[2021-06-07 11:31:13] [SUCCESS] [OmnipathR] Loaded 1491 interactions from cache.
[2021-06-07 11:31:14] [TRACE]   [OmnipathR] Loaded data from RDS `/home/dbdimitrov/.cache/OmnipathR/41725a3aeda985ac035430835a92d80c4ee1f58d-1.rds`.
[2021-06-07 11:31:14] [INFO]    [OmnipathR] Loaded from cache: `https://omnipathdb.org/interactions?genesymbols=yes&resources=EMBRACE&datasets=omnipath,pathwayextra,kinaseextra,ligrecextra&organisms=9606&fields=sources,references,curation_effort&entity_types=protein&license=academic`
[2021-06-07 11:31:14] [SUCCESS] [OmnipathR] Loaded 1491 interactions from cache.
[2021-06-07 11:31:14] [TRACE]   [OmnipathR] Loaded data from RDS `/home/dbdimitrov/.cache/OmnipathR/4b7a63f464edb2adf7576c1effc96dd8a00830c8-1.rds`.
[2021-06-07 11:31:14] [INFO]    [OmnipathR] Loaded from cache: `https://omnipathdb.org/interactions?genesymbols=yes&resources=HPMR&datasets=omnipath,pathwayextra,kinaseextra,ligrecextra&organisms=9606&fields=sources,references,curation_effort&entity_types=protein&license=academic`
[2021-06-07 11:31:15] [SUCCESS] [OmnipathR] Loaded 461 interactions from cache.
[2021-06-07 11:31:15] [TRACE]   [OmnipathR] Loaded data from RDS `/home/dbdimitrov/.cache/OmnipathR/4b7a63f464edb2adf7576c1effc96dd8a00830c8-1.rds`.
[2021-06-07 11:31:15] [INFO]    [OmnipathR] Loaded from cache: `https://omnipathdb.org/interactions?genesymbols=yes&resources=HPMR&datasets=omnipath,pathwayextra,kinaseextra,ligrecextra&organisms=9606&fields=sources,references,curation_effort&entity_types=protein&license=academic`
[2021-06-07 11:31:16] [SUCCESS] [OmnipathR] Loaded 461 interactions from cache.
[2021-06-07 11:31:16] [TRACE]   [OmnipathR] Loaded data from RDS `/home/dbdimitrov/.cache/OmnipathR/4b7a63f464edb2adf7576c1effc96dd8a00830c8-1.rds`.
[2021-06-07 11:31:16] [INFO]    [OmnipathR] Loaded from cache: `https://omnipathdb.org/interactions?genesymbols=yes&resources=HPMR&datasets=omnipath,pathwayextra,kinaseextra,ligrecextra&organisms=9606&fields=sources,references,curation_effort&entity_types=protein&license=academic`
[2021-06-07 11:31:16] [SUCCESS] [OmnipathR] Loaded 461 interactions from cache.
[2021-06-07 11:31:17] [TRACE]   [OmnipathR] Loaded data from RDS `/home/dbdimitrov/.cache/OmnipathR/c26c6a68194c65dbeee6010dd1588f3d2f832ebc-1.rds`.
[2021-06-07 11:31:17] [INFO]    [OmnipathR] Loaded from cache: `https://omnipathdb.org/interactions?genesymbols=yes&resources=Guide2Pharma&datasets=omnipath,pathwayextra,kinaseextra,ligrecextra&organisms=9606&fields=sources,references,curation_effort&entity_types=protein&license=academic`
[2021-06-07 11:31:17] [SUCCESS] [OmnipathR] Loaded 662 interactions from cache.
[2021-06-07 11:31:17] [TRACE]   [OmnipathR] Loaded data from RDS `/home/dbdimitrov/.cache/OmnipathR/c26c6a68194c65dbeee6010dd1588f3d2f832ebc-1.rds`.
[2021-06-07 11:31:17] [INFO]    [OmnipathR] Loaded from cache: `https://omnipathdb.org/interactions?genesymbols=yes&resources=Guide2Pharma&datasets=omnipath,pathwayextra,kinaseextra,ligrecextra&organisms=9606&fields=sources,references,curation_effort&entity_types=protein&license=academic`
[2021-06-07 11:31:18] [SUCCESS] [OmnipathR] Loaded 662 interactions from cache.
[2021-06-07 11:31:18] [TRACE]   [OmnipathR] Loaded data from RDS `/home/dbdimitrov/.cache/OmnipathR/c26c6a68194c65dbeee6010dd1588f3d2f832ebc-1.rds`.
[2021-06-07 11:31:18] [INFO]    [OmnipathR] Loaded from cache: `https://omnipathdb.org/interactions?genesymbols=yes&resources=Guide2Pharma&datasets=omnipath,pathwayextra,kinaseextra,ligrecextra&organisms=9606&fields=sources,references,curation_effort&entity_types=protein&license=academic`
[2021-06-07 11:31:18] [SUCCESS] [OmnipathR] Loaded 662 interactions from cache.
[2021-06-07 11:31:19] [TRACE]   [OmnipathR] Loaded data from RDS `/home/dbdimitrov/.cache/OmnipathR/bff69b768d76788baf562775a2e8386e9f89b7d7-1.rds`.
[2021-06-07 11:31:19] [INFO]    [OmnipathR] Loaded from cache: `https://omnipathdb.org/interactions?genesymbols=yes&resources=connectomeDB2020&datasets=omnipath,pathwayextra,kinaseextra,ligrecextra&organisms=9606&fields=sources,references,curation_effort&entity_types=protein&license=academic`
[2021-06-07 11:31:19] [SUCCESS] [OmnipathR] Loaded 2264 interactions from cache.
[2021-06-07 11:31:19] [TRACE]   [OmnipathR] Loaded data from RDS `/home/dbdimitrov/.cache/OmnipathR/bff69b768d76788baf562775a2e8386e9f89b7d7-1.rds`.
[2021-06-07 11:31:19] [INFO]    [OmnipathR] Loaded from cache: `https://omnipathdb.org/interactions?genesymbols=yes&resources=connectomeDB2020&datasets=omnipath,pathwayextra,kinaseextra,ligrecextra&organisms=9606&fields=sources,references,curation_effort&entity_types=protein&license=academic`
[2021-06-07 11:31:19] [SUCCESS] [OmnipathR] Loaded 2264 interactions from cache.
[2021-06-07 11:31:20] [TRACE]   [OmnipathR] Loaded data from RDS `/home/dbdimitrov/.cache/OmnipathR/bff69b768d76788baf562775a2e8386e9f89b7d7-1.rds`.
[2021-06-07 11:31:20] [INFO]    [OmnipathR] Loaded from cache: `https://omnipathdb.org/interactions?genesymbols=yes&resources=connectomeDB2020&datasets=omnipath,pathwayextra,kinaseextra,ligrecextra&organisms=9606&fields=sources,references,curation_effort&entity_types=protein&license=academic`
[2021-06-07 11:31:20] [SUCCESS] [OmnipathR] Loaded 2264 interactions from cache.
[2021-06-07 11:31:21] [TRACE]   [OmnipathR] Loaded data from RDS `/home/dbdimitrov/.cache/OmnipathR/74edf5412e5215615e69d648a08f87243d58fe62-1.rds`.
[2021-06-07 11:31:21] [INFO]    [OmnipathR] Loaded from cache: `https://omnipathdb.org/interactions?genesymbols=yes&resources=talklr&datasets=omnipath,pathwayextra,kinaseextra,ligrecextra&organisms=9606&fields=sources,references,curation_effort&entity_types=protein&license=academic`
[2021-06-07 11:31:21] [SUCCESS] [OmnipathR] Loaded 2411 interactions from cache.
[2021-06-07 11:31:21] [TRACE]   [OmnipathR] Loaded data from RDS `/home/dbdimitrov/.cache/OmnipathR/74edf5412e5215615e69d648a08f87243d58fe62-1.rds`.
[2021-06-07 11:31:21] [INFO]    [OmnipathR] Loaded from cache: `https://omnipathdb.org/interactions?genesymbols=yes&resources=talklr&datasets=omnipath,pathwayextra,kinaseextra,ligrecextra&organisms=9606&fields=sources,references,curation_effort&entity_types=protein&license=academic`
[2021-06-07 11:31:22] [SUCCESS] [OmnipathR] Loaded 2411 interactions from cache.
[2021-06-07 11:31:22] [TRACE]   [OmnipathR] Loaded data from RDS `/home/dbdimitrov/.cache/OmnipathR/74edf5412e5215615e69d648a08f87243d58fe62-1.rds`.
[2021-06-07 11:31:22] [INFO]    [OmnipathR] Loaded from cache: `https://omnipathdb.org/interactions?genesymbols=yes&resources=talklr&datasets=omnipath,pathwayextra,kinaseextra,ligrecextra&organisms=9606&fields=sources,references,curation_effort&entity_types=protein&license=academic`
[2021-06-07 11:31:23] [SUCCESS] [OmnipathR] Loaded 2411 interactions from cache.
[2021-06-07 11:31:23] [TRACE]   [OmnipathR] Loaded data from RDS `/home/dbdimitrov/.cache/OmnipathR/c812661b32b0de1ee8628d9ef2338af6f7434206-1.rds`.
[2021-06-07 11:31:23] [INFO]    [OmnipathR] Loaded from cache: `https://omnipathdb.org/interactions?genesymbols=yes&resources=CellTalkDB&datasets=omnipath,pathwayextra,kinaseextra,ligrecextra&organisms=9606&fields=sources,references,curation_effort&entity_types=protein&license=academic`
[2021-06-07 11:31:23] [SUCCESS] [OmnipathR] Loaded 3390 interactions from cache.
[2021-06-07 11:31:24] [TRACE]   [OmnipathR] Loaded data from RDS `/home/dbdimitrov/.cache/OmnipathR/c812661b32b0de1ee8628d9ef2338af6f7434206-1.rds`.
[2021-06-07 11:31:24] [INFO]    [OmnipathR] Loaded from cache: `https://omnipathdb.org/interactions?genesymbols=yes&resources=CellTalkDB&datasets=omnipath,pathwayextra,kinaseextra,ligrecextra&organisms=9606&fields=sources,references,curation_effort&entity_types=protein&license=academic`
[2021-06-07 11:31:24] [SUCCESS] [OmnipathR] Loaded 3390 interactions from cache.
[2021-06-07 11:31:25] [TRACE]   [OmnipathR] Loaded data from RDS `/home/dbdimitrov/.cache/OmnipathR/c812661b32b0de1ee8628d9ef2338af6f7434206-1.rds`.
[2021-06-07 11:31:25] [INFO]    [OmnipathR] Loaded from cache: `https://omnipathdb.org/interactions?genesymbols=yes&resources=CellTalkDB&datasets=omnipath,pathwayextra,kinaseextra,ligrecextra&organisms=9606&fields=sources,references,curation_effort&entity_types=protein&license=academic`
[2021-06-07 11:31:25] [SUCCESS] [OmnipathR] Loaded 3390 interactions from cache.
[2021-06-07 11:31:25] [TRACE]   [OmnipathR] Loaded data from RDS `/home/dbdimitrov/.cache/OmnipathR/745bec9c1492f8bb441ffecc5d164c965d2bdb06-1.rds`.
[2021-06-07 11:31:25] [INFO]    [OmnipathR] Loaded from cache: `https://omnipathdb.org/intercell?entity_types=protein&scope=generic&source=composite&causality=trans&license=academic`
[2021-06-07 11:31:25] [SUCCESS] [OmnipathR] Loaded 5569 intercellular communication role records from cache.
[2021-06-07 11:31:26] [TRACE]   [OmnipathR] Loaded data from RDS `/home/dbdimitrov/.cache/OmnipathR/9ecbbba7b7129c316d69501f7af5c2aced05a498-1.rds`.
[2021-06-07 11:31:26] [INFO]    [OmnipathR] Loaded from cache: `https://omnipathdb.org/intercell?aspect=locational&parent=secreted,plasma_membrane_transmembrane,plasma_membrane_peripheral&license=academic`
[2021-06-07 11:31:26] [SUCCESS] [OmnipathR] Loaded 19993 intercellular communication role records from cache.
[2021-06-07 11:31:26] [TRACE]   [OmnipathR] Loaded data from RDS `/home/dbdimitrov/.cache/OmnipathR/831c96e92ad3a7f668eeef099338c0832555f597-1.rds`.
[2021-06-07 11:31:26] [INFO]    [OmnipathR] Loaded from cache: `https://omnipathdb.org/intercell?entity_types=protein&scope=generic&source=composite&causality=rec&license=academic`
[2021-06-07 11:31:26] [SUCCESS] [OmnipathR] Loaded 4973 intercellular communication role records from cache.
[2021-06-07 11:31:27] [TRACE]   [OmnipathR] Loaded data from RDS `/home/dbdimitrov/.cache/OmnipathR/9ecbbba7b7129c316d69501f7af5c2aced05a498-1.rds`.
[2021-06-07 11:31:27] [INFO]    [OmnipathR] Loaded from cache: `https://omnipathdb.org/intercell?aspect=locational&parent=secreted,plasma_membrane_transmembrane,plasma_membrane_peripheral&license=academic`
[2021-06-07 11:31:27] [SUCCESS] [OmnipathR] Loaded 19993 intercellular communication role records from cache.
[2021-06-07 11:31:29] [TRACE]   [OmnipathR] Loaded data from RDS `/home/dbdimitrov/.cache/OmnipathR/88868f24833199a6a4a8e27980fa32cd50c1c600-1.rds`.
[2021-06-07 11:31:29] [INFO]    [OmnipathR] Loaded from cache: `https://omnipathdb.org/intercell?license=academic`
[2021-06-07 11:31:29] [SUCCESS] [OmnipathR] Loaded 288967 intercellular communication role records from cache.
[2021-06-07 11:31:31] [TRACE]   [OmnipathR] Loaded data from RDS `/home/dbdimitrov/.cache/OmnipathR/9ecbbba7b7129c316d69501f7af5c2aced05a498-1.rds`.
[2021-06-07 11:31:31] [INFO]    [OmnipathR] Loaded from cache: `https://omnipathdb.org/intercell?aspect=locational&parent=secreted,plasma_membrane_transmembrane,plasma_membrane_peripheral&license=academic`
[2021-06-07 11:31:31] [SUCCESS] [OmnipathR] Loaded 19993 intercellular communication role records from cache.
[2021-06-07 11:31:32] [TRACE]   [OmnipathR] Loaded data from RDS `/home/dbdimitrov/.cache/OmnipathR/56c5eb0e2646a7bc051976e0c1ee04bc995aeef1-1.rds`.
[2021-06-07 11:31:32] [INFO]    [OmnipathR] Loaded from cache: `https://omnipathdb.org/interactions?genesymbols=yes&datasets=omnipath,pathwayextra,kinaseextra,ligrecextra&organisms=9606&fields=datasets,sources,references,curation_effort&entity_types=protein&license=academic`
[2021-06-07 11:31:34] [SUCCESS] [OmnipathR] Loaded 75957 interactions from cache.
[2021-06-07 11:31:34] [TRACE]   [OmnipathR] Loaded data from RDS `/home/dbdimitrov/.cache/OmnipathR/f1c0fadd252ce4902e71b1c5661c7b519666950e-1.rds`.
[2021-06-07 11:31:34] [INFO]    [OmnipathR] Loaded from cache: `https://omnipathdb.org/intercell?entity_types=protein&scope=generic&causality=trans&license=academic`
[2021-06-07 11:31:34] [SUCCESS] [OmnipathR] Loaded 16914 intercellular communication role records from cache.
[2021-06-07 11:31:34] [TRACE]   [OmnipathR] Loaded data from RDS `/home/dbdimitrov/.cache/OmnipathR/85bd188ca1aee3cd1f1f850a8c42817958e7bcfd-1.rds`.
[2021-06-07 11:31:34] [INFO]    [OmnipathR] Loaded from cache: `https://omnipathdb.org/intercell?entity_types=protein&scope=generic&causality=rec&license=academic`
[2021-06-07 11:31:34] [SUCCESS] [OmnipathR] Loaded 20247 intercellular communication role records from cache.
